10:05:09.435 [main                     ] DEBUG Logger               - Configured Logger
10:05:09.438 [main                     ] DEBUG GameApplication      - Logging settings
Title: Strom Bewusst
Version: 0.1_BETA
Width: 1280
Height: 720
Fullscreen: false
Intro: false
Profiling: false
Single step:false
App Mode: DEVELOPER
Menu Key: ESCAPE
Stage Style: DECORATED
Scene Factory: class ch.fhnw.strombewusst.StromBewusst$1

10:05:09.688 [JavaFX Application Thread] DEBUG FXGLApplication      - Initializing FXGL
10:05:09.689 [JavaFX Application Thread] INFO  Engine               - FXGL-11.17 (16.07.2021 15.46) on WINDOWS (J:19.0.1 FX:18.0.2)
10:05:09.690 [JavaFX Application Thread] DEBUG Engine               - JRE Vendor Name: Oracle Corporation
10:05:09.690 [JavaFX Application Thread] DEBUG Engine               - Running on OS: Windows 11 version 10.0
10:05:09.690 [JavaFX Application Thread] DEBUG Engine               - Architecture: amd64
10:05:09.690 [JavaFX Application Thread] INFO  Engine               - Source code and latest versions at: https://github.com/AlmasB/FXGL
10:05:09.690 [JavaFX Application Thread] INFO  Engine               -              Join the FXGL chat at: https://gitter.im/AlmasB/FXGL
10:05:09.759 [JavaFX Application Thread] DEBUG PrimaryStageWindow   - Creating a JavaFX scene
10:05:09.759 [JavaFX Application Thread] DEBUG PrimaryStageWindow   - Target size > screen size
10:05:09.789 [JavaFX Application Thread] DEBUG PrimaryStageWindow   - Target settings size: 1280.0 x 720.0
10:05:09.789 [JavaFX Application Thread] DEBUG PrimaryStageWindow   - Scaled scene size:    1169.0 x 671.0
10:05:09.790 [JavaFX Application Thread] DEBUG PrimaryStageWindow   - Scaled ratio: (0.91328125, 0.9319444444444445)
10:05:09.790 [JavaFX Application Thread] DEBUG PrimaryStageWindow   - Set initial scene to FXGLStartupScene
10:05:09.795 [JavaFX Application Thread] DEBUG PrimaryStageWindow   - Opening main window
10:05:09.859 [JavaFX Application Thread] DEBUG PrimaryStageWindow   - Window border size: (15.0, 37.66668701171875)
10:05:09.859 [JavaFX Application Thread] DEBUG PrimaryStageWindow   - Scaled size: 1169.0 x 671.0
10:05:09.859 [JavaFX Application Thread] DEBUG PrimaryStageWindow   - Scaled ratio: (0.91328125, 0.9319444444444445)
10:05:09.859 [JavaFX Application Thread] DEBUG PrimaryStageWindow   - Scene size: 1169.0 x 671.0
10:05:09.859 [JavaFX Application Thread] DEBUG PrimaryStageWindow   - Stage size: 1184.0 x 708.6666870117188
10:05:09.865 [FXGL Background Thread 1 ] DEBUG Engine               - Initializing environment variables
10:05:09.930 [FXGL Background Thread 1 ] DEBUG FXGLAssetLoaderServi - User app class for loading assets: class ch.fhnw.strombewusst.StromBewusst
10:05:09.930 [FXGL Background Thread 1 ] DEBUG GameApplicationServi - Applying CSS: fxgl_dark.css
10:05:09.931 [FXGL Background Thread 1 ] DEBUG FXGLAssetLoaderServi - Loading from file system: jar:file:///C:/Users/danie/.m2/repository/com/github/almasb/fxgl/11.17/fxgl-11.17.jar!/fxglassets/ui/css/fxgl_dark.css
10:05:09.966 [FXGL Background Thread 1 ] DEBUG GameApplicationServi - Applying CSS: main.css
10:05:09.966 [FXGL Background Thread 1 ] DEBUG FXGLAssetLoaderServi - Loading from file system: file:/C:/Users/danie/OneDrive/Dokumente/Studium/strombewusstfxgl/target/classes/assets/ui/css/main.css
10:05:09.967 [FXGL Background Thread 1 ] DEBUG GameApplicationServi - Initializing application scenes
10:05:09.997 [FXGL Background Thread 1 ] DEBUG GameWorld            - Game world initialized
10:05:10.062 [FXGL Background Thread 1 ] DEBUG PhysicsWorld         - Physics world initialized: appHeight=720, physics.ppm=50.0
10:05:10.063 [FXGL Background Thread 1 ] DEBUG PhysicsWorld         - Using strategy: BRUTE_FORCE
10:05:10.065 [FXGL Background Thread 1 ] DEBUG GameScene            - Game scene initialized: 1280x720
10:05:10.070 [FXGL Background Thread 1 ] DEBUG FXGLAssetLoaderServi - Loading from file system: file:/C:/Users/danie/OneDrive/Dokumente/Studium/strombewusstfxgl/target/classes/assets/textures/background/mainmenu.png
10:05:10.121 [FXGL Background Thread 1 ] DEBUG FXGL.DefaultMenu     - createMenuBodyGameMenu()
10:05:10.130 [FXGL Background Thread 1 ] DEBUG FXGL.DefaultMenu     - createOptionsMenu()
10:05:10.137 [FXGL Background Thread 1 ] DEBUG FXGLAssetLoaderServi - Loading from file system: jar:file:///C:/Users/danie/.m2/repository/com/github/almasb/fxgl/11.17/fxgl-11.17.jar!/fxglassets/textures/particles/smoke.png
10:05:10.215 [FXGL Background Thread 1 ] DEBUG FXGLAssetLoaderServi - Loading from file system: jar:file:///C:/Users/danie/.m2/repository/com/github/almasb/fxgl/11.17/fxgl-11.17.jar!/fxglassets/textures/particles/trace_horizontal.png
10:05:10.233 [FXGL Background Thread 1 ] DEBUG GameApplicationServi - Application scenes initialized
10:05:10.242 [FXGL Background Thread 1 ] DEBUG SystemBundleService  - Loading FXGL system data
10:05:10.246 [FXGL Background Thread 1 ] DEBUG FileSystemAccess     - Reading from: C:\Users\danie\OneDrive\Dokumente\Studium\strombewusstfxgl\system\fxgl.bundle
10:05:10.254 [FXGL Background Thread 1 ] DEBUG SystemBundleService  - Bundle FXGL: {}
10:05:10.254 [FXGL Background Thread 1 ] DEBUG UpdaterService       - Checking for updates
10:05:10.258 [FXGL Background Thread 4 ] DEBUG FXGLApplication      - Loading fonts
10:05:10.259 [FXGL Background Thread 1 ] DEBUG FXGLApplication      - Loading default localization
10:05:10.259 [FXGL Background Thread 4 ] DEBUG FXGLAssetLoaderServi - Loading from file system: jar:file:///C:/Users/danie/.m2/repository/com/github/almasb/fxgl/11.17/fxgl-11.17.jar!/fxglassets/ui/fonts/VarelaRound-Regular.ttf
10:05:10.259 [FXGL Background Thread 1 ] DEBUG FXGLAssetLoaderServi - Loading from file system: jar:file:///C:/Users/danie/.m2/repository/com/github/almasb/fxgl/11.17/fxgl-11.17.jar!/fxglassets/languages/english.lang
10:05:10.270 [FXGL Background Thread 1 ] INFO  FXGLApplication      - FXGL initialization took: 0.405 sec
10:05:10.280 [JavaFX Application Thread] DEBUG Input                - Registered new binding: player1 Right - D
10:05:10.280 [JavaFX Application Thread] DEBUG Input                - Registered new binding: player1 Left - A
10:05:10.280 [JavaFX Application Thread] DEBUG Input                - Registered new binding: player1 Up - W
10:05:10.280 [JavaFX Application Thread] DEBUG Input                - Registered new binding: player1 Down - S
10:05:10.280 [JavaFX Application Thread] DEBUG Input                - Registered new binding: player2 Right - L
10:05:10.280 [JavaFX Application Thread] DEBUG Input                - Registered new binding: player2 Left - J
10:05:10.281 [JavaFX Application Thread] DEBUG Input                - Registered new binding: player2 Up - I
10:05:10.281 [JavaFX Application Thread] DEBUG Input                - Registered new binding: player2 Down - K
10:05:10.281 [JavaFX Application Thread] DEBUG FXGLAssetLoaderServi - Loading from file system: jar:file:///C:/Users/danie/.m2/repository/com/github/almasb/fxgl/11.17/fxgl-11.17.jar!/fxglassets/textures/fxgl_icon.png
10:05:10.300 [JavaFX Application Thread] DEBUG FXGLAssetLoaderServi - Loading from file system: jar:file:///C:/Users/danie/.m2/repository/com/github/almasb/fxgl/11.17/fxgl-11.17.jar!/fxglassets/textures/fxgl_default_cursor.png
10:05:10.302 [JavaFX Application Thread] DEBUG Input                - Registered new binding: Screenshot - CTRL+8
10:05:10.303 [JavaFX Application Thread] DEBUG Input                - Registered new binding: System info dump - CTRL+9
10:05:10.303 [JavaFX Application Thread] DEBUG Input                - Registered new binding: Restart - CTRL+R
10:05:10.304 [JavaFX Application Thread] DEBUG Input                - Registered new binding: Toggle Debug Camera - CTRL+C
10:05:10.306 [JavaFX Application Thread] DEBUG LoopRunner           - Starting loop
10:05:10.306 [JavaFX Application Thread] DEBUG LoopRunner           - Initializing JavaFX AnimationTimerLoop
10:05:10.308 [JavaFX Application Thread] DEBUG Input                - Clearing active input actions
10:05:10.316 [JavaFX Application Thread] DEBUG GameApplicationServi - Removing overlay from FXGLStartupScene and adding to FXGLMainMenuDummyScene
10:05:10.316 [JavaFX Application Thread] DEBUG PrimaryStageWindow   - FXGLStartupScene -> FXGLMainMenuDummyScene
10:05:10.316 [JavaFX Application Thread] DEBUG PrimaryStageWindow   - Push state: MainMenu
10:05:10.316 [JavaFX Application Thread] DEBUG Input                - Clearing active input actions
10:05:10.324 [JavaFX Application Thread] DEBUG GameApplicationServi - Removing overlay from FXGLMainMenuDummyScene and adding to MainMenu
10:05:10.324 [JavaFX Application Thread] DEBUG PrimaryStageWindow   - FXGLMainMenuDummyScene -> MainMenu
10:05:10.333 [FXGL Background Thread 4 ] DEBUG FXGLAssetLoaderServi - Loading from file system: jar:file:///C:/Users/danie/.m2/repository/com/github/almasb/fxgl/11.17/fxgl-11.17.jar!/fxglassets/ui/fonts/Abel-Regular.ttf
10:05:10.339 [FXGL Background Thread 4 ] DEBUG FXGLAssetLoaderServi - Loading from file system: jar:file:///C:/Users/danie/.m2/repository/com/github/almasb/fxgl/11.17/fxgl-11.17.jar!/fxglassets/ui/fonts/lucida_console.ttf
10:05:10.347 [FXGL Background Thread 4 ] DEBUG FXGLAssetLoaderServi - Loading from file system: jar:file:///C:/Users/danie/.m2/repository/com/github/almasb/fxgl/11.17/fxgl-11.17.jar!/fxglassets/ui/fonts/Courier-Prime.ttf
10:05:10.386 [JavaFX Application Thread] DEBUG FXGLApplication      - Registering font factories with UI factory
10:05:10.607 [FXGL Background Thread 2 ] INFO  UpdaterService       - Your current version:  11.17
10:05:10.607 [FXGL Background Thread 2 ] INFO  UpdaterService       - Latest stable version: 17.2
10:05:11.703 [JavaFX Application Thread] DEBUG Menu                 - fireNewGame()
10:05:11.704 [JavaFX Application Thread] DEBUG GameApplicationServi - Starting new game
10:05:11.704 [JavaFX Application Thread] DEBUG PrimaryStageWindow   - Pop state: MainMenu
10:05:11.704 [JavaFX Application Thread] DEBUG Input                - Clearing active input actions
10:05:11.705 [JavaFX Application Thread] DEBUG GameApplicationServi - Removing overlay from MainMenu and adding to FXGLMainMenuDummyScene
10:05:11.705 [JavaFX Application Thread] DEBUG PrimaryStageWindow   - FXGLMainMenuDummyScene <- MainMenu
10:05:11.705 [JavaFX Application Thread] DEBUG Input                - Clearing active input actions
10:05:11.715 [JavaFX Application Thread] DEBUG GameApplicationServi - Removing overlay from FXGLMainMenuDummyScene and adding to FXGLLoadingScene
10:05:11.715 [JavaFX Application Thread] DEBUG PrimaryStageWindow   - FXGLMainMenuDummyScene -> FXGLLoadingScene
10:05:11.715 [JavaFX Application Thread] DEBUG GameApplicationServi - Clearing previous game
10:05:11.715 [JavaFX Application Thread] DEBUG GameScene            - Clearing game scene
10:05:11.715 [JavaFX Application Thread] DEBUG GameWorld            - Clearing game world
10:05:11.716 [JavaFX Application Thread] DEBUG PhysicsWorld         - Clearing physics world
10:05:11.718 [FXGL Background Thread 2 ] DEBUG FXGLApplication      - Initializing game
10:05:11.728 [FXGL Background Thread 2 ] DEBUG FXGLAssetLoaderServi - Loading from file system: file:/C:/Users/danie/OneDrive/Dokumente/Studium/strombewusstfxgl/target/classes/assets/textures/emptyroom.png
10:05:11.756 [FXGL Background Thread 2 ] WARN  GameWorld            - Entity is already attached to world
10:05:11.760 [FXGL Background Thread 2 ] DEBUG FXGLAssetLoaderServi - Loading from file system: file:/C:/Users/danie/OneDrive/Dokumente/Studium/strombewusstfxgl/target/classes/assets/textures/player1.png
10:05:11.775 [FXGL Background Thread 2 ] WARN  GameWorld            - Entity is already attached to world
10:05:11.776 [FXGL Background Thread 2 ] DEBUG FXGLAssetLoaderServi - Loading from file system: file:/C:/Users/danie/OneDrive/Dokumente/Studium/strombewusstfxgl/target/classes/assets/textures/player2.png
10:05:11.778 [FXGL Background Thread 2 ] WARN  GameWorld            - Entity is already attached to world
10:05:11.779 [FXGL Background Thread 2 ] DEBUG FXGLAssetLoaderServi - Loading from file system: file:/C:/Users/danie/OneDrive/Dokumente/Studium/strombewusstfxgl/target/classes/assets/textures/desk.png
10:05:11.781 [FXGL Background Thread 2 ] WARN  GameWorld            - Entity is already attached to world
10:05:11.782 [FXGL Background Thread 2 ] WARN  GameWorld            - Entity is already attached to world
10:05:11.783 [FXGL Background Thread 2 ] WARN  GameWorld            - Entity is already attached to world
10:05:11.784 [FXGL Background Thread 2 ] WARN  GameWorld            - Entity is already attached to world
10:05:11.784 [FXGL Background Thread 2 ] INFO  FXGLApplication      - Game initialization took: 0.067 sec
10:05:11.785 [JavaFX Application Thread] DEBUG Input                - Clearing active input actions
10:05:11.796 [JavaFX Application Thread] DEBUG GameApplicationServi - Removing overlay from FXGLLoadingScene and adding to GameScene
10:05:11.796 [JavaFX Application Thread] DEBUG PrimaryStageWindow   - FXGLLoadingScene -> GameScene
10:05:13.259 [FXGL Background Thread 3 ] DEBUG Engine               - Logging environment variables
10:05:13.259 [FXGL Background Thread 3 ] DEBUG Engine               - achievements: []
10:05:13.259 [FXGL Background Thread 3 ] DEBUG Engine               - actualHeight: 671.0
10:05:13.259 [FXGL Background Thread 3 ] DEBUG Engine               - actualHeightProperty: ReadOnlyDoubleProperty [value: 671.0]
10:05:13.259 [FXGL Background Thread 3 ] DEBUG Engine               - actualWidth: 1169.0
10:05:13.259 [FXGL Background Thread 3 ] DEBUG Engine               - actualWidthProperty: ReadOnlyDoubleProperty [value: 1169.0]
10:05:13.259 [FXGL Background Thread 3 ] DEBUG Engine               - appIcon: fxgl_icon.png
10:05:13.260 [FXGL Background Thread 3 ] DEBUG Engine               - applicationMode: DEVELOPER
10:05:13.260 [FXGL Background Thread 3 ] DEBUG Engine               - cSSList: [fxgl_dark.css, main.css]
10:05:13.260 [FXGL Background Thread 3 ] DEBUG Engine               - collisionDetectionStrategy: BRUTE_FORCE
10:05:13.260 [FXGL Background Thread 3 ] DEBUG Engine               - configClass: Optional.empty
10:05:13.260 [FXGL Background Thread 3 ] DEBUG Engine               - credits: []
10:05:13.260 [FXGL Background Thread 3 ] DEBUG Engine               - defaultCursor: CursorInfo(imageName=fxgl_default_cursor.png, hotspotX=7.0, hotspotY=6.0)
10:05:13.260 [FXGL Background Thread 3 ] DEBUG Engine               - devBBoxColorProperty: ObjectProperty [value: 0xff0000ff]
10:05:13.260 [FXGL Background Thread 3 ] DEBUG Engine               - devEnableDebugCameraProperty: BooleanProperty [value: false]
10:05:13.260 [FXGL Background Thread 3 ] DEBUG Engine               - devSensorColorProperty: ObjectProperty [value: 0xffff00ff]
10:05:13.260 [FXGL Background Thread 3 ] DEBUG Engine               - devShowBBoxProperty: BooleanProperty [value: false]
10:05:13.260 [FXGL Background Thread 3 ] DEBUG Engine               - devShowPositionProperty: BooleanProperty [value: false]
10:05:13.260 [FXGL Background Thread 3 ] DEBUG Engine               - enabledMenuItems: []
10:05:13.260 [FXGL Background Thread 3 ] DEBUG Engine               - engineServices: [class com.almasb.fxgl.app.services.FXGLAssetLoaderService, class com.almasb.fxgl.app.FXGLApplication$GameApplicationService, class com.almasb.fxgl.app.services.FXGLDialogService, class com.almasb.fxgl.app.services.IOTaskExecutorService, class com.almasb.fxgl.io.FileSystemService, class com.almasb.fxgl.localization.LocalizationService, class com.almasb.fxgl.app.services.SystemBundleService, class com.almasb.fxgl.profile.SaveLoadService, class com.almasb.fxgl.ui.FXGLUIFactoryServiceProvider, class com.almasb.fxgl.ui.FXGLDialogFactoryServiceProvider, class com.almasb.fxgl.audio.AudioPlayer, class com.almasb.fxgl.notification.impl.NotificationServiceProvider, class com.almasb.fxgl.achievement.AchievementService, class com.almasb.fxgl.cutscene.CutsceneService, class com.almasb.fxgl.minigames.MiniGameService, class com.almasb.fxgl.net.NetService, class com.almasb.fxgl.app.services.UpdaterService, class com.almasb.fxgl.dev.DevService]
10:05:13.261 [FXGL Background Thread 3 ] DEBUG Engine               - fontGame: Abel-Regular.ttf
10:05:13.261 [FXGL Background Thread 3 ] DEBUG Engine               - fontMono: lucida_console.ttf
10:05:13.261 [FXGL Background Thread 3 ] DEBUG Engine               - fontText: Courier-Prime.ttf
10:05:13.261 [FXGL Background Thread 3 ] DEBUG Engine               - fontUI: VarelaRound-Regular.ttf
10:05:13.261 [FXGL Background Thread 3 ] DEBUG Engine               - fullScreen: BooleanProperty [value: false]
10:05:13.261 [FXGL Background Thread 3 ] DEBUG Engine               - gameDifficulty: MEDIUM
10:05:13.261 [FXGL Background Thread 3 ] DEBUG Engine               - gameDifficultyProperty: ObjectProperty [value: MEDIUM]
10:05:13.261 [FXGL Background Thread 3 ] DEBUG Engine               - globalMusicVolume: 0.5
10:05:13.261 [FXGL Background Thread 3 ] DEBUG Engine               - globalMusicVolumeProperty: DoubleProperty [value: 0.5]
10:05:13.261 [FXGL Background Thread 3 ] DEBUG Engine               - globalSoundVolume: 0.5
10:05:13.261 [FXGL Background Thread 3 ] DEBUG Engine               - globalSoundVolumeProperty: DoubleProperty [value: 0.5]
10:05:13.261 [FXGL Background Thread 3 ] DEBUG Engine               - height: 720
10:05:13.261 [FXGL Background Thread 3 ] DEBUG Engine               - is3D: false
10:05:13.261 [FXGL Background Thread 3 ] DEBUG Engine               - isAndroid: false
10:05:13.261 [FXGL Background Thread 3 ] DEBUG Engine               - isBrowser: false
10:05:13.261 [FXGL Background Thread 3 ] DEBUG Engine               - isClickFeedbackEnabled: false
10:05:13.261 [FXGL Background Thread 3 ] DEBUG Engine               - isCloseConfirmation: false
10:05:13.261 [FXGL Background Thread 3 ] DEBUG Engine               - isDesktop: true
10:05:13.261 [FXGL Background Thread 3 ] DEBUG Engine               - isDeveloperMenuEnabled: false
10:05:13.262 [FXGL Background Thread 3 ] DEBUG Engine               - isEntityPreloadEnabled: true
10:05:13.262 [FXGL Background Thread 3 ] DEBUG Engine               - isExperimentalTiledLargeMap: false
10:05:13.262 [FXGL Background Thread 3 ] DEBUG Engine               - isFileSystemWriteAllowed: true
10:05:13.262 [FXGL Background Thread 3 ] DEBUG Engine               - isFullScreenAllowed: false
10:05:13.262 [FXGL Background Thread 3 ] DEBUG Engine               - isFullScreenFromStart: false
10:05:13.262 [FXGL Background Thread 3 ] DEBUG Engine               - isGameMenuEnabled: true
10:05:13.262 [FXGL Background Thread 3 ] DEBUG Engine               - isIOS: false
10:05:13.262 [FXGL Background Thread 3 ] DEBUG Engine               - isIntroEnabled: false
10:05:13.262 [FXGL Background Thread 3 ] DEBUG Engine               - isLinux: false
10:05:13.262 [FXGL Background Thread 3 ] DEBUG Engine               - isMac: false
10:05:13.262 [FXGL Background Thread 3 ] DEBUG Engine               - isMainMenuEnabled: true
10:05:13.262 [FXGL Background Thread 3 ] DEBUG Engine               - isManualResizeEnabled: false
10:05:13.262 [FXGL Background Thread 3 ] DEBUG Engine               - isMobile: false
10:05:13.262 [FXGL Background Thread 3 ] DEBUG Engine               - isNative: false
10:05:13.262 [FXGL Background Thread 3 ] DEBUG Engine               - isPauseMusicWhenMinimized: true
10:05:13.262 [FXGL Background Thread 3 ] DEBUG Engine               - isPreserveResizeRatio: false
10:05:13.262 [FXGL Background Thread 3 ] DEBUG Engine               - isProfilingEnabled: false
10:05:13.262 [FXGL Background Thread 3 ] DEBUG Engine               - isScaleAffectedOnResize: true
10:05:13.262 [FXGL Background Thread 3 ] DEBUG Engine               - isSingleStep: false
10:05:13.262 [FXGL Background Thread 3 ] DEBUG Engine               - isUserProfileEnabled: false
10:05:13.262 [FXGL Background Thread 3 ] DEBUG Engine               - isWindows: true
10:05:13.263 [FXGL Background Thread 3 ] DEBUG Engine               - language: ObjectProperty [value: ENGLISH]
10:05:13.263 [FXGL Background Thread 3 ] DEBUG Engine               - menuKey: ESCAPE
10:05:13.263 [FXGL Background Thread 3 ] DEBUG Engine               - mouseSensitivity: 0.2
10:05:13.263 [FXGL Background Thread 3 ] DEBUG Engine               - notificationViewClass: class com.almasb.fxgl.notification.view.XboxNotificationView
10:05:13.263 [FXGL Background Thread 3 ] DEBUG Engine               - pixelsPerMeter: 50.0
10:05:13.263 [FXGL Background Thread 3 ] DEBUG Engine               - platform: WINDOWS
10:05:13.263 [FXGL Background Thread 3 ] DEBUG Engine               - prefHeightProperty: ReadOnlyDoubleProperty [value: 720.0]
10:05:13.263 [FXGL Background Thread 3 ] DEBUG Engine               - prefWidthProperty: ReadOnlyDoubleProperty [value: 1280.0]
10:05:13.263 [FXGL Background Thread 3 ] DEBUG Engine               - profileDir: profiles/
10:05:13.263 [FXGL Background Thread 3 ] DEBUG Engine               - profileName: StringProperty [value: DEFAULT]
10:05:13.263 [FXGL Background Thread 3 ] DEBUG Engine               - randomSeed: -1
10:05:13.263 [FXGL Background Thread 3 ] DEBUG Engine               - runtimeInfo: RuntimeInfo(platform=WINDOWS, version=11.17, build=16.07.2021 15.46)
10:05:13.263 [FXGL Background Thread 3 ] DEBUG Engine               - saveFileExt: sav
10:05:13.263 [FXGL Background Thread 3 ] DEBUG Engine               - scaledHeightProp$fxgl: DoubleProperty [bound, value: 671.0]
10:05:13.263 [FXGL Background Thread 3 ] DEBUG Engine               - scaledWidthProp$fxgl: DoubleProperty [bound, value: 1169.0]
10:05:13.263 [FXGL Background Thread 3 ] DEBUG Engine               - sceneFactory: ch.fhnw.strombewusst.StromBewusst$1@19193b7f
10:05:13.263 [FXGL Background Thread 3 ] DEBUG Engine               - secondsIn24h: 60
10:05:13.264 [FXGL Background Thread 3 ] DEBUG Engine               - soundMenuBack: menu/back.wav
10:05:13.264 [FXGL Background Thread 3 ] DEBUG Engine               - soundMenuPress: menu/press.wav
10:05:13.264 [FXGL Background Thread 3 ] DEBUG Engine               - soundMenuSelect: menu/select.wav
10:05:13.264 [FXGL Background Thread 3 ] DEBUG Engine               - soundNotification: core/notification.wav
10:05:13.264 [FXGL Background Thread 3 ] DEBUG Engine               - stageStyle: DECORATED
10:05:13.264 [FXGL Background Thread 3 ] DEBUG Engine               - supportedLanguages: [ENGLISH, FRENCH, GERMAN, HUNGARIAN, RUSSIAN]
10:05:13.264 [FXGL Background Thread 3 ] DEBUG Engine               - ticksPerSecond: -1
10:05:13.264 [FXGL Background Thread 3 ] DEBUG Engine               - title: Strom Bewusst
10:05:13.264 [FXGL Background Thread 3 ] DEBUG Engine               - urlGithub: https://github.com/AlmasB/FXGL
10:05:13.264 [FXGL Background Thread 3 ] DEBUG Engine               - urlLeaderboard: http://fxgl-top.herokuapp.com/
10:05:13.264 [FXGL Background Thread 3 ] DEBUG Engine               - urlPOM: https://raw.githubusercontent.com/AlmasB/FXGL/release/README.md
10:05:13.264 [FXGL Background Thread 3 ] DEBUG Engine               - userAppClass: class ch.fhnw.strombewusst.StromBewusst
10:05:13.264 [FXGL Background Thread 3 ] DEBUG Engine               - version: 0.1_BETA
10:05:13.264 [FXGL Background Thread 3 ] DEBUG Engine               - versionCheckDays: 7
10:05:13.264 [FXGL Background Thread 3 ] DEBUG Engine               - width: 1280
10:05:13.264 [FXGL Background Thread 3 ] DEBUG Engine               - Logging services
10:05:13.264 [FXGL Background Thread 3 ] DEBUG Engine               - class com.almasb.fxgl.app.services.FXGLAssetLoaderService
10:05:13.264 [FXGL Background Thread 3 ] DEBUG Engine               - class com.almasb.fxgl.app.FXGLApplication$GameApplicationService
10:05:13.264 [FXGL Background Thread 3 ] DEBUG Engine               - class com.almasb.fxgl.app.services.FXGLDialogService
10:05:13.264 [FXGL Background Thread 3 ] DEBUG Engine               - class com.almasb.fxgl.app.services.IOTaskExecutorService
10:05:13.264 [FXGL Background Thread 3 ] DEBUG Engine               - class com.almasb.fxgl.io.FileSystemService
10:05:13.264 [FXGL Background Thread 3 ] DEBUG Engine               - class com.almasb.fxgl.localization.LocalizationService
10:05:13.264 [FXGL Background Thread 3 ] DEBUG Engine               - class com.almasb.fxgl.app.services.SystemBundleService
10:05:13.264 [FXGL Background Thread 3 ] DEBUG Engine               - class com.almasb.fxgl.profile.SaveLoadService
10:05:13.265 [FXGL Background Thread 3 ] DEBUG Engine               - class com.almasb.fxgl.ui.FXGLUIFactoryServiceProvider
10:05:13.265 [FXGL Background Thread 3 ] DEBUG Engine               - class com.almasb.fxgl.ui.FXGLDialogFactoryServiceProvider
10:05:13.265 [FXGL Background Thread 3 ] DEBUG Engine               - class com.almasb.fxgl.audio.AudioPlayer
10:05:13.265 [FXGL Background Thread 3 ] DEBUG Engine               - class com.almasb.fxgl.notification.impl.NotificationServiceProvider
10:05:13.265 [FXGL Background Thread 3 ] DEBUG Engine               - class com.almasb.fxgl.achievement.AchievementService
10:05:13.265 [FXGL Background Thread 3 ] DEBUG Engine               - class com.almasb.fxgl.cutscene.CutsceneService
10:05:13.265 [FXGL Background Thread 3 ] DEBUG Engine               - class com.almasb.fxgl.minigames.MiniGameService
10:05:13.265 [FXGL Background Thread 3 ] DEBUG Engine               - class com.almasb.fxgl.net.NetService
10:05:13.265 [FXGL Background Thread 3 ] DEBUG Engine               - class com.almasb.fxgl.app.services.UpdaterService
10:05:13.265 [FXGL Background Thread 3 ] DEBUG Engine               - class com.almasb.fxgl.dev.DevService
10:05:17.943 [JavaFX Application Thread] DEBUG FXGLApplication      - Exiting FXGL
10:05:17.943 [JavaFX Application Thread] DEBUG LoopRunner           - Stopping loop
10:05:17.944 [JavaFX Application Thread] DEBUG SystemBundleService  - Saving FXGL system data
10:05:17.946 [JavaFX Application Thread] DEBUG FileSystemAccess     - Writing to: C:\Users\danie\OneDrive\Dokumente\Studium\strombewusstfxgl\system\fxgl.bundle
10:05:17.948 [JavaFX Application Thread] DEBUG Async                - Shutting down background threads
10:05:17.948 [JavaFX Application Thread] DEBUG PrimaryStageWindow   - Closing main window
10:05:17.967 [JavaFX Application Thread] DEBUG Logger               - Closing Logger
